<?xml version="1.0" encoding="UTF-8"?>
<testsuite xmlns:xsi="http://www.w3.org/2001/XMLSchema-instance" xsi:noNamespaceSchemaLocation="https://maven.apache.org/surefire/maven-surefire-plugin/xsd/surefire-test-report.xsd" name="TestSuite" time="117.882" tests="7" errors="0" skipped="0" failures="0">
  <properties>
    <property name="sun.desktop" value="windows"/>
    <property name="awt.toolkit" value="sun.awt.windows.WToolkit"/>
    <property name="file.encoding.pkg" value="sun.io"/>
    <property name="java.specification.version" value="1.8"/>
    <property name="sun.cpu.isalist" value="pentium_pro+mmx pentium_pro pentium+mmx pentium i486 i386 i86"/>
    <property name="sun.jnu.encoding" value="Cp1252"/>
    <property name="java.class.path" value="C:\Users\ankur.jain\eclipse-workspace\NewPrj\target\test-classes;C:\Users\ankur.jain\eclipse-workspace\NewPrj\target\classes;C:\Users\ankur.jain\.m2\repository\org\freemarker\freemarker\2.3.23\freemarker-2.3.23.jar;C:\Users\ankur.jain\.m2\repository\org\seleniumhq\selenium\selenium-firefox-driver\3.13.0\selenium-firefox-driver-3.13.0.jar;C:\Users\ankur.jain\.m2\repository\org\seleniumhq\selenium\selenium-api\3.13.0\selenium-api-3.13.0.jar;C:\Users\ankur.jain\.m2\repository\org\seleniumhq\selenium\selenium-remote-driver\3.13.0\selenium-remote-driver-3.13.0.jar;C:\Users\ankur.jain\.m2\repository\net\bytebuddy\byte-buddy\1.8.3\byte-buddy-1.8.3.jar;C:\Users\ankur.jain\.m2\repository\org\apache\commons\commons-exec\1.3\commons-exec-1.3.jar;C:\Users\ankur.jain\.m2\repository\commons-codec\commons-codec\1.10\commons-codec-1.10.jar;C:\Users\ankur.jain\.m2\repository\commons-logging\commons-logging\1.2\commons-logging-1.2.jar;C:\Users\ankur.jain\.m2\repository\com\google\code\gson\gson\2.8.4\gson-2.8.4.jar;C:\Users\ankur.jain\.m2\repository\com\google\guava\guava\25.0-jre\guava-25.0-jre.jar;C:\Users\ankur.jain\.m2\repository\com\google\code\findbugs\jsr305\1.3.9\jsr305-1.3.9.jar;C:\Users\ankur.jain\.m2\repository\org\checkerframework\checker-compat-qual\2.0.0\checker-compat-qual-2.0.0.jar;C:\Users\ankur.jain\.m2\repository\com\google\errorprone\error_prone_annotations\2.1.3\error_prone_annotations-2.1.3.jar;C:\Users\ankur.jain\.m2\repository\com\google\j2objc\j2objc-annotations\1.1\j2objc-annotations-1.1.jar;C:\Users\ankur.jain\.m2\repository\org\codehaus\mojo\animal-sniffer-annotations\1.14\animal-sniffer-annotations-1.14.jar;C:\Users\ankur.jain\.m2\repository\org\apache\httpcomponents\httpclient\4.5.5\httpclient-4.5.5.jar;C:\Users\ankur.jain\.m2\repository\org\apache\httpcomponents\httpcore\4.4.9\httpcore-4.4.9.jar;C:\Users\ankur.jain\.m2\repository\com\squareup\okhttp3\okhttp\3.10.0\okhttp-3.10.0.jar;C:\Users\ankur.jain\.m2\repository\com\squareup\okio\okio\1.14.1\okio-1.14.1.jar;C:\Users\ankur.jain\.m2\repository\commons-io\commons-io\2.6\commons-io-2.6.jar;C:\Users\ankur.jain\.m2\repository\org\seleniumhq\selenium\selenium-support\3.12.0\selenium-support-3.12.0.jar;C:\Users\ankur.jain\.m2\repository\com\codeborne\phantomjsdriver\1.4.4\phantomjsdriver-1.4.4.jar;C:\Users\ankur.jain\.m2\repository\log4j\log4j\1.2.17\log4j-1.2.17.jar;C:\Users\ankur.jain\.m2\repository\org\testng\testng\6.14.2\testng-6.14.2.jar;C:\Users\ankur.jain\.m2\repository\com\beust\jcommander\1.72\jcommander-1.72.jar;C:\Users\ankur.jain\.m2\repository\org\apache-extras\beanshell\bsh\2.0b6\bsh-2.0b6.jar;C:\Users\ankur.jain\.m2\repository\com\aventstack\extentreports\3.1.5\extentreports-3.1.5.jar;C:\Users\ankur.jain\.m2\repository\org\apache\httpcomponents\httpmime\4.5.2\httpmime-4.5.2.jar;C:\Users\ankur.jain\.m2\repository\org\jsoup\jsoup\1.9.2\jsoup-1.9.2.jar;C:\Users\ankur.jain\.m2\repository\name\finsterwalder\fileutils\1.1\fileutils-1.1.jar;C:\Users\ankur.jain\.m2\repository\org\slf4j\slf4j-api\1.7.5\slf4j-api-1.7.5.jar;C:\Users\ankur.jain\.m2\repository\org\seleniumhq\selenium\selenium-chrome-driver\3.11.0\selenium-chrome-driver-3.11.0.jar;C:\Users\ankur.jain\.m2\repository\org\mongodb\mongodb-driver\3.0.4\mongodb-driver-3.0.4.jar;C:\Users\ankur.jain\.m2\repository\org\mongodb\bson\3.0.4\bson-3.0.4.jar;C:\Users\ankur.jain\.m2\repository\org\mongodb\mongodb-driver-core\3.0.4\mongodb-driver-core-3.0.4.jar;C:\Users\ankur.jain\.m2\repository\org\apache\maven\surefire\surefire-testng-utils\2.21.0\surefire-testng-utils-2.21.0.jar;C:\Users\ankur.jain\.m2\repository\org\apache\maven\surefire\surefire-grouper\2.21.0\surefire-grouper-2.21.0.jar;"/>
    <property name="java.vm.vendor" value="Oracle Corporation"/>
    <property name="sun.arch.data.model" value="32"/>
    <property name="user.variant" value=""/>
    <property name="java.vendor.url" value="http://java.oracle.com/"/>
    <property name="user.timezone" value=""/>
    <property name="java.vm.specification.version" value="1.8"/>
    <property name="os.name" value="Windows 7"/>
    <property name="user.country" value="IN"/>
    <property name="sun.java.launcher" value="SUN_STANDARD"/>
    <property name="sun.boot.library.path" value="D:\jdk1.8.0_60\jdk1.8.0_60\jre\bin"/>
    <property name="sun.java.command" value="C:\Users\ANKUR~1.JAI\AppData\Local\Temp\surefire1451596804347603303\surefirebooter857441918475158678.jar C:\Users\ankur.jain\AppData\Local\Temp\surefire1451596804347603303 2018-10-31T15-23-34_158-jvmRun1 surefire5972301082793796172tmp surefire_08836353940173094969tmp"/>
    <property name="surefire.test.class.path" value="C:\Users\ankur.jain\eclipse-workspace\NewPrj\target\test-classes;C:\Users\ankur.jain\eclipse-workspace\NewPrj\target\classes;C:\Users\ankur.jain\.m2\repository\org\freemarker\freemarker\2.3.23\freemarker-2.3.23.jar;C:\Users\ankur.jain\.m2\repository\org\seleniumhq\selenium\selenium-firefox-driver\3.13.0\selenium-firefox-driver-3.13.0.jar;C:\Users\ankur.jain\.m2\repository\org\seleniumhq\selenium\selenium-api\3.13.0\selenium-api-3.13.0.jar;C:\Users\ankur.jain\.m2\repository\org\seleniumhq\selenium\selenium-remote-driver\3.13.0\selenium-remote-driver-3.13.0.jar;C:\Users\ankur.jain\.m2\repository\net\bytebuddy\byte-buddy\1.8.3\byte-buddy-1.8.3.jar;C:\Users\ankur.jain\.m2\repository\org\apache\commons\commons-exec\1.3\commons-exec-1.3.jar;C:\Users\ankur.jain\.m2\repository\commons-codec\commons-codec\1.10\commons-codec-1.10.jar;C:\Users\ankur.jain\.m2\repository\commons-logging\commons-logging\1.2\commons-logging-1.2.jar;C:\Users\ankur.jain\.m2\repository\com\google\code\gson\gson\2.8.4\gson-2.8.4.jar;C:\Users\ankur.jain\.m2\repository\com\google\guava\guava\25.0-jre\guava-25.0-jre.jar;C:\Users\ankur.jain\.m2\repository\com\google\code\findbugs\jsr305\1.3.9\jsr305-1.3.9.jar;C:\Users\ankur.jain\.m2\repository\org\checkerframework\checker-compat-qual\2.0.0\checker-compat-qual-2.0.0.jar;C:\Users\ankur.jain\.m2\repository\com\google\errorprone\error_prone_annotations\2.1.3\error_prone_annotations-2.1.3.jar;C:\Users\ankur.jain\.m2\repository\com\google\j2objc\j2objc-annotations\1.1\j2objc-annotations-1.1.jar;C:\Users\ankur.jain\.m2\repository\org\codehaus\mojo\animal-sniffer-annotations\1.14\animal-sniffer-annotations-1.14.jar;C:\Users\ankur.jain\.m2\repository\org\apache\httpcomponents\httpclient\4.5.5\httpclient-4.5.5.jar;C:\Users\ankur.jain\.m2\repository\org\apache\httpcomponents\httpcore\4.4.9\httpcore-4.4.9.jar;C:\Users\ankur.jain\.m2\repository\com\squareup\okhttp3\okhttp\3.10.0\okhttp-3.10.0.jar;C:\Users\ankur.jain\.m2\repository\com\squareup\okio\okio\1.14.1\okio-1.14.1.jar;C:\Users\ankur.jain\.m2\repository\commons-io\commons-io\2.6\commons-io-2.6.jar;C:\Users\ankur.jain\.m2\repository\org\seleniumhq\selenium\selenium-support\3.12.0\selenium-support-3.12.0.jar;C:\Users\ankur.jain\.m2\repository\com\codeborne\phantomjsdriver\1.4.4\phantomjsdriver-1.4.4.jar;C:\Users\ankur.jain\.m2\repository\log4j\log4j\1.2.17\log4j-1.2.17.jar;C:\Users\ankur.jain\.m2\repository\org\testng\testng\6.14.2\testng-6.14.2.jar;C:\Users\ankur.jain\.m2\repository\com\beust\jcommander\1.72\jcommander-1.72.jar;C:\Users\ankur.jain\.m2\repository\org\apache-extras\beanshell\bsh\2.0b6\bsh-2.0b6.jar;C:\Users\ankur.jain\.m2\repository\com\aventstack\extentreports\3.1.5\extentreports-3.1.5.jar;C:\Users\ankur.jain\.m2\repository\org\apache\httpcomponents\httpmime\4.5.2\httpmime-4.5.2.jar;C:\Users\ankur.jain\.m2\repository\org\jsoup\jsoup\1.9.2\jsoup-1.9.2.jar;C:\Users\ankur.jain\.m2\repository\name\finsterwalder\fileutils\1.1\fileutils-1.1.jar;C:\Users\ankur.jain\.m2\repository\org\slf4j\slf4j-api\1.7.5\slf4j-api-1.7.5.jar;C:\Users\ankur.jain\.m2\repository\org\seleniumhq\selenium\selenium-chrome-driver\3.11.0\selenium-chrome-driver-3.11.0.jar;C:\Users\ankur.jain\.m2\repository\org\mongodb\mongodb-driver\3.0.4\mongodb-driver-3.0.4.jar;C:\Users\ankur.jain\.m2\repository\org\mongodb\bson\3.0.4\bson-3.0.4.jar;C:\Users\ankur.jain\.m2\repository\org\mongodb\mongodb-driver-core\3.0.4\mongodb-driver-core-3.0.4.jar;C:\Users\ankur.jain\.m2\repository\org\apache\maven\surefire\surefire-testng-utils\2.21.0\surefire-testng-utils-2.21.0.jar;C:\Users\ankur.jain\.m2\repository\org\apache\maven\surefire\surefire-grouper\2.21.0\surefire-grouper-2.21.0.jar;"/>
    <property name="sun.cpu.endian" value="little"/>
    <property name="user.home" value="C:\Users\ankur.jain"/>
    <property name="user.language" value="en"/>
    <property name="java.specification.vendor" value="Oracle Corporation"/>
    <property name="java.home" value="D:\jdk1.8.0_60\jdk1.8.0_60\jre"/>
    <property name="basedir" value="C:\Users\ankur.jain\eclipse-workspace\NewPrj"/>
    <property name="file.separator" value="\"/>
    <property name="line.separator" value="&#10;"/>
    <property name="java.vm.specification.vendor" value="Oracle Corporation"/>
    <property name="java.specification.name" value="Java Platform API Specification"/>
    <property name="java.awt.graphicsenv" value="sun.awt.Win32GraphicsEnvironment"/>
    <property name="surefire.real.class.path" value="C:\Users\ANKUR~1.JAI\AppData\Local\Temp\surefire1451596804347603303\surefirebooter857441918475158678.jar"/>
    <property name="sun.boot.class.path" value="D:\jdk1.8.0_60\jdk1.8.0_60\jre\lib\resources.jar;D:\jdk1.8.0_60\jdk1.8.0_60\jre\lib\rt.jar;D:\jdk1.8.0_60\jdk1.8.0_60\jre\lib\sunrsasign.jar;D:\jdk1.8.0_60\jdk1.8.0_60\jre\lib\jsse.jar;D:\jdk1.8.0_60\jdk1.8.0_60\jre\lib\jce.jar;D:\jdk1.8.0_60\jdk1.8.0_60\jre\lib\charsets.jar;D:\jdk1.8.0_60\jdk1.8.0_60\jre\lib\jfr.jar;D:\jdk1.8.0_60\jdk1.8.0_60\jre\classes"/>
    <property name="user.script" value=""/>
    <property name="sun.management.compiler" value="HotSpot Client Compiler"/>
    <property name="java.runtime.version" value="1.8.0_60-b27"/>
    <property name="user.name" value="Ankur.Jain"/>
    <property name="path.separator" value=";"/>
    <property name="os.version" value="6.1"/>
    <property name="java.endorsed.dirs" value="D:\jdk1.8.0_60\jdk1.8.0_60\jre\lib\endorsed"/>
    <property name="java.runtime.name" value="Java(TM) SE Runtime Environment"/>
    <property name="file.encoding" value="Cp1252"/>
    <property name="java.vm.name" value="Java HotSpot(TM) Client VM"/>
    <property name="localRepository" value="C:\Users\ankur.jain\.m2\repository"/>
    <property name="java.vendor.url.bug" value="http://bugreport.sun.com/bugreport/"/>
    <property name="java.io.tmpdir" value="C:\Users\ANKUR~1.JAI\AppData\Local\Temp\"/>
    <property name="java.version" value="1.8.0_60"/>
    <property name="user.dir" value="C:\Users\ankur.jain\eclipse-workspace\NewPrj"/>
    <property name="os.arch" value="x86"/>
    <property name="java.vm.specification.name" value="Java Virtual Machine Specification"/>
    <property name="java.awt.printerjob" value="sun.awt.windows.WPrinterJob"/>
    <property name="sun.os.patch.level" value="Service Pack 1"/>
    <property name="java.library.path" value="D:\jdk1.8.0_60\jdk1.8.0_60\jre\bin;C:\Windows\Sun\Java\bin;C:\Windows\system32;C:\Windows;C:\Program Files\avs\bin;C:\Program Files\avs\bin32;C:\Program Files\Documentum\Shared;C:\ProgramData\Oracle\Java\javapath;D:\jdk1.8.0_60\jdk1.8.0_60\bin;D:\Mobile Automation Setup\SDK-Sailaja\sdk\tools;D:\Mobile Automation Setup\SDK-Sailaja\sdk\platforms;D:\Mobile Automation Setup\SDK-Sailaja\sdk\platform-tools;C:\Program Files (x86)\Enterprise Vault\EVClient\x64\;C:\Windows\System32\WindowsPowerShell\v1.0\;C:\Windows\System32\WindowsPowerShell\v1.0\;C:\Program Files\Java\jre1.8.0_161\bin;D:\apache-ant-1.9.11-bin\apache-ant-1.9.11\bin;D:\apache-maven-3.5.3-bin\apache-maven-3.5.3\bin;D:\jdk1.8.0_60\jdk1.8.0_60\bin;C:\Program Files\nodejs\;C:\Program Files\Microsoft VS Code\bin;C:\Users\ankur.jain\AppData\Local\Programs\Git\cmd;C:\Program Files (x86)\Google\Chrome\Application;C:\Program Files\avs\bin;C:\Program Files\Documentum\Shared;C:\ProgramData\Oracle\Java\javapath;D:\jdk1.8.0_60\jdk1.8.0_60\bin;D:\Mobile Automation Setup\SDK-Sailaja\sdk\\tools;D:\Mobile Automation Setup\SDK-Sailaja\sdk\\platforms;D:\Mobile Automation Setup\SDK-Sailaja\sdk\\platform-tools;C:\Program Files (x86)\Enterprise Vault\EVClient\x64\;C:\Windows\System32\WindowsPowerShell\v1.0\;C:\Windows\System32\WindowsPowerShell\v1.0\;C:\Program Files\Java\jre1.8.0_161\bin;D:\apache-ant-1.9.11-bin\apache-ant-1.9.11\bin;D:\apache-maven-3.5.3-bin\apache-maven-3.5.3\bin;C:\Users\ankur.jain\AppData\Local\Programs\Git\cmd;C:\Users\ankur.jain\AppData\Local\Programs\Git\mingw64\bin;C:\Users\ankur.jain\AppData\Local\Programs\Git\usr\bin;C:\Users\ankur.jain\AppData\Roaming\npm;."/>
    <property name="java.vm.info" value="mixed mode"/>
    <property name="java.vendor" value="Oracle Corporation"/>
    <property name="java.vm.version" value="25.60-b23"/>
    <property name="java.ext.dirs" value="D:\jdk1.8.0_60\jdk1.8.0_60\jre\lib\ext;C:\Windows\Sun\Java\lib\ext"/>
    <property name="sun.io.unicode.encoding" value="UnicodeLittle"/>
    <property name="java.class.version" value="52.0"/>
  </properties>
  <testcase name="AmazonLogoTest" classname="com.qa.TestCase.AmazonLoginPageTest" time="2.382"/>
  <testcase name="ConsumerPortalTittle" classname="com.qa.TestCase.AmazonLoginPageTest" time="0.128"/>
  <testcase name="ConsumerLogoTest" classname="com.qa.TestCase.AmazonLoginPageTest" time="18.423"/>
  <testcase name="AmazonSearchPage" classname="com.qa.TestCase.DashBoardPageTest" time="12.878"/>
  <testcase name="ClickonContactPage" classname="com.qa.TestCase.DashBoardPageTest" time="17.053"/>
  <testcase name="ConsumerLogoTest" classname="com.qa.TestCase.CustomerHelpPageTest" time="10.586"/>
  <testcase name="AmazonLogout" classname="com.qa.TestCase.CustomerHelpPageTest" time="3.661"/>
</testsuite>