<?xml version="1.0" encoding="UTF-8"?>
<!-- Generated by org.testng.reporters.JUnitReportReporter -->
<testsuite skipped="0" hostname="LT0021232" name="com.qa.TestCase.AmazonLoginPageTest" tests="3" failures="0" timestamp="31 Oct 2018 09:55:38 GMT" time="21.077" errors="0">
  <testcase name="AmazonLogoTest" time="2.352" classname="com.qa.TestCase.AmazonLoginPageTest"/>
  <testcase name="ConsumerPortalTittle" time="0.223" classname="com.qa.TestCase.AmazonLoginPageTest"/>
  <testcase name="ConsumerLogoTest" time="18.502" classname="com.qa.TestCase.AmazonLoginPageTest"/>
</testsuite> <!-- com.qa.TestCase.AmazonLoginPageTest -->
