<?xml version="1.0" encoding="UTF-8"?>
<!-- Generated by org.testng.reporters.JUnitReportReporter -->
<testsuite skipped="0" hostname="LT0021232" name="com.qa.TestCase.DashBoardPageTest" tests="2" failures="0" timestamp="31 Oct 2018 09:55:38 GMT" time="30.003" errors="0">
  <testcase name="AmazonSearchPage" time="12.521" classname="com.qa.TestCase.DashBoardPageTest"/>
  <testcase name="ClickonContactPage" time="17.482" classname="com.qa.TestCase.DashBoardPageTest"/>
</testsuite> <!-- com.qa.TestCase.DashBoardPageTest -->
