<?xml version="1.0" encoding="UTF-8"?>
<!-- Generated by org.testng.reporters.JUnitReportReporter -->
<testsuite skipped="0" hostname="LT0021232" name="com.qa.TestCase.CustomerHelpPageTest" tests="2" failures="0" timestamp="31 Oct 2018 09:55:38 GMT" time="14.225" errors="0">
  <testcase name="ConsumerLogoTest" time="10.566" classname="com.qa.TestCase.CustomerHelpPageTest"/>
  <testcase name="AmazonLogout" time="3.659" classname="com.qa.TestCase.CustomerHelpPageTest"/>
</testsuite> <!-- com.qa.TestCase.CustomerHelpPageTest -->
